0 info it worked if it ends with ok
1 verbose cli [ '/usr/local/bin/node',
1 verbose cli   '/usr/local/bin/npm',
1 verbose cli   'install',
1 verbose cli   '-g',
1 verbose cli   'tinypng' ]
2 info using npm@3.10.6
3 info using node@v4.4.5
4 silly loadCurrentTree Starting
5 silly install loadCurrentTree
6 silly install readGlobalPackageData
7 silly fetchPackageMetaData tinypng
8 silly fetchNamedPackageData tinypng
9 silly mapToRegistry name tinypng
10 silly mapToRegistry using default registry
11 silly mapToRegistry registry https://registry.npmjs.org/
12 silly mapToRegistry data Result {
12 silly mapToRegistry   raw: 'tinypng',
12 silly mapToRegistry   scope: null,
12 silly mapToRegistry   escapedName: 'tinypng',
12 silly mapToRegistry   name: 'tinypng',
12 silly mapToRegistry   rawSpec: '',
12 silly mapToRegistry   spec: 'latest',
12 silly mapToRegistry   type: 'tag' }
13 silly mapToRegistry uri https://registry.npmjs.org/tinypng
14 verbose request uri https://registry.npmjs.org/tinypng
15 verbose request no auth needed
16 info attempt registry request try #1 at 4:17:38 PM
17 verbose request id 329b1a96607284c0
18 http request GET https://registry.npmjs.org/tinypng
19 http 200 https://registry.npmjs.org/tinypng
20 verbose headers { server: 'nginx/1.10.1',
20 verbose headers   'content-type': 'application/json',
20 verbose headers   'last-modified': 'Thu, 01 Aug 2013 19:03:45 GMT',
20 verbose headers   etag: 'W/"51fab111-a8e"',
20 verbose headers   'content-encoding': 'gzip',
20 verbose headers   'cache-control': 'max-age=300',
20 verbose headers   'content-length': '731',
20 verbose headers   'accept-ranges': 'bytes',
20 verbose headers   date: 'Mon, 20 Feb 2017 13:17:38 GMT',
20 verbose headers   via: '1.1 varnish',
20 verbose headers   age: '0',
20 verbose headers   connection: 'keep-alive',
20 verbose headers   'x-served-by': 'cache-bma7021-BMA',
20 verbose headers   'x-cache': 'MISS',
20 verbose headers   'x-cache-hits': '0',
20 verbose headers   'x-timer': 'S1487596658.855600,VS0,VE21',
20 verbose headers   vary: 'Accept-Encoding' }
21 silly get cb [ 200,
21 silly get   { server: 'nginx/1.10.1',
21 silly get     'content-type': 'application/json',
21 silly get     'last-modified': 'Thu, 01 Aug 2013 19:03:45 GMT',
21 silly get     etag: 'W/"51fab111-a8e"',
21 silly get     'content-encoding': 'gzip',
21 silly get     'cache-control': 'max-age=300',
21 silly get     'content-length': '731',
21 silly get     'accept-ranges': 'bytes',
21 silly get     date: 'Mon, 20 Feb 2017 13:17:38 GMT',
21 silly get     via: '1.1 varnish',
21 silly get     age: '0',
21 silly get     connection: 'keep-alive',
21 silly get     'x-served-by': 'cache-bma7021-BMA',
21 silly get     'x-cache': 'MISS',
21 silly get     'x-cache-hits': '0',
21 silly get     'x-timer': 'S1487596658.855600,VS0,VE21',
21 silly get     vary: 'Accept-Encoding' } ]
22 verbose get saving tinypng to /Users/antonsmolko/.npm/registry.npmjs.org/tinypng/.cache.json
23 verbose correctMkdir /Users/antonsmolko/.npm correctMkdir not in flight; initializing
24 silly install normalizeTree
25 silly loadCurrentTree Finishing
26 silly loadIdealTree Starting
27 silly install loadIdealTree
28 silly cloneCurrentTree Starting
29 silly install cloneCurrentTreeToIdealTree
30 silly cloneCurrentTree Finishing
31 silly loadShrinkwrap Starting
32 silly install loadShrinkwrap
33 silly loadShrinkwrap Finishing
34 silly loadAllDepsIntoIdealTree Starting
35 silly install loadAllDepsIntoIdealTree
36 silly resolveWithNewModule tinypng@0.1.1 checking installable status
37 silly cache add args [ 'tinypng', null ]
38 verbose cache add spec tinypng
39 silly cache add parsed spec Result {
39 silly cache add   raw: 'tinypng',
39 silly cache add   scope: null,
39 silly cache add   escapedName: 'tinypng',
39 silly cache add   name: 'tinypng',
39 silly cache add   rawSpec: '',
39 silly cache add   spec: 'latest',
39 silly cache add   type: 'tag' }
40 silly addNamed tinypng@latest
41 verbose addNamed "latest" is being treated as a dist-tag for tinypng
42 info addNameTag [ 'tinypng', 'latest' ]
43 silly mapToRegistry name tinypng
44 silly mapToRegistry using default registry
45 silly mapToRegistry registry https://registry.npmjs.org/
46 silly mapToRegistry data Result {
46 silly mapToRegistry   raw: 'tinypng',
46 silly mapToRegistry   scope: null,
46 silly mapToRegistry   escapedName: 'tinypng',
46 silly mapToRegistry   name: 'tinypng',
46 silly mapToRegistry   rawSpec: '',
46 silly mapToRegistry   spec: 'latest',
46 silly mapToRegistry   type: 'tag' }
47 silly mapToRegistry uri https://registry.npmjs.org/tinypng
48 verbose addNameTag registry:https://registry.npmjs.org/tinypng not in flight; fetching
49 verbose get https://registry.npmjs.org/tinypng not expired, no request
50 silly addNameTag next cb for tinypng with tag latest
51 silly addNamed tinypng@0.1.1
52 verbose addNamed "0.1.1" is a plain semver version for tinypng
53 silly mapToRegistry name tinypng
54 silly mapToRegistry using default registry
55 silly mapToRegistry registry https://registry.npmjs.org/
56 silly mapToRegistry data Result {
56 silly mapToRegistry   raw: 'tinypng',
56 silly mapToRegistry   scope: null,
56 silly mapToRegistry   escapedName: 'tinypng',
56 silly mapToRegistry   name: 'tinypng',
56 silly mapToRegistry   rawSpec: '',
56 silly mapToRegistry   spec: 'latest',
56 silly mapToRegistry   type: 'tag' }
57 silly mapToRegistry uri https://registry.npmjs.org/tinypng
58 verbose addRemoteTarball https://registry.npmjs.org/tinypng/-/tinypng-0.1.1.tgz not in flight; adding
59 verbose addRemoteTarball [ 'https://registry.npmjs.org/tinypng/-/tinypng-0.1.1.tgz',
59 verbose addRemoteTarball   'bb67279d9940db2c2b5b0f48aac9b5fb984674a8' ]
60 info retry fetch attempt 1 at 4:17:38 PM
61 info attempt registry request try #1 at 4:17:38 PM
62 http fetch GET https://registry.npmjs.org/tinypng/-/tinypng-0.1.1.tgz
63 http fetch 200 https://registry.npmjs.org/tinypng/-/tinypng-0.1.1.tgz
64 silly fetchAndShaCheck shasum bb67279d9940db2c2b5b0f48aac9b5fb984674a8
65 verbose addTmpTarball /var/folders/_4/q0c7z59975s_72cd10pvtz9m0000gn/T/npm-2498-ce5077a2/registry.npmjs.org/tinypng/-/tinypng-0.1.1.tgz not in flight; adding
66 verbose addTmpTarball already have metadata; skipping unpack for tinypng@0.1.1
67 verbose correctMkdir /Users/antonsmolko/.npm correctMkdir not in flight; initializing
68 silly cache afterAdd tinypng@0.1.1
69 verbose afterAdd /Users/antonsmolko/.npm/tinypng/0.1.1/package/package.json not in flight; writing
70 verbose correctMkdir /Users/antonsmolko/.npm correctMkdir not in flight; initializing
71 verbose afterAdd /Users/antonsmolko/.npm/tinypng/0.1.1/package/package.json written
72 silly loadAllDepsIntoIdealTree Finishing
73 silly loadIdealTree Finishing
74 silly currentTree lib
75 silly idealTree lib
75 silly idealTree └── tinypng@0.1.1
76 silly generateActionsToTake Starting
77 silly install generateActionsToTake
78 warn checkPermissions Missing write access to /usr/local/lib/node_modules
79 silly rollbackFailedOptional Starting
80 silly rollbackFailedOptional Finishing
81 silly runTopLevelLifecycles Starting
82 silly runTopLevelLifecycles Finishing
83 silly install printInstalled
84 verbose stack Error: EACCES: permission denied, access '/usr/local/lib/node_modules'
84 verbose stack     at Error (native)
85 verbose cwd /Applications/MAMP/htdocs/laravel.final
86 error Darwin 16.4.0
87 error argv "/usr/local/bin/node" "/usr/local/bin/npm" "install" "-g" "tinypng"
88 error node v4.4.5
89 error npm  v3.10.6
90 error path /usr/local/lib/node_modules
91 error code EACCES
92 error errno -13
93 error syscall access
94 error Error: EACCES: permission denied, access '/usr/local/lib/node_modules'
94 error     at Error (native)
94 error  { [Error: EACCES: permission denied, access '/usr/local/lib/node_modules']
94 error   errno: -13,
94 error   code: 'EACCES',
94 error   syscall: 'access',
94 error   path: '/usr/local/lib/node_modules' }
95 error Please try running this command again as root/Administrator.
96 verbose exit [ -13, true ]
